1653081245784	geckodriver	INFO	Listening on 127.0.0.1:53517
1653081246098	mozrunner::runner	INFO	Running command: "/Applications/Firefox.app/Contents/MacOS/firefox-bin" "--marionette" "--remote-debugging-port" "53518" "--remote-allow-hosts" "localhost" "-foreground" "-no-remote" "-profile" "/var/folders/mv/t0v8l1l96337vx8rdpk6169c0000gp/T/rust_mozprofile47mEp0"
1653081246736	Marionette	INFO	Marionette enabled
2022-05-20 17:14:07.626 firefox-bin[51536:15513792] Warning: Expected min height of view: (<NSButton: 0x132cf0000>) to be less than or equal to 30 but got a height of 32.000000. This error will be logged once per view in violation.
2022-05-20 17:14:07.627 firefox-bin[51536:15513792] Warning: Expected min height of view: (<NSButton: 0x132f6b000>) to be less than or equal to 30 but got a height of 32.000000. This error will be logged once per view in violation.
2022-05-20 17:14:07.628 firefox-bin[51536:15513792] Warning: Expected min height of view: (<NSButton: 0x132f6f000>) to be less than or equal to 30 but got a height of 32.000000. This error will be logged once per view in violation.
2022-05-20 17:14:07.628 firefox-bin[51536:15513792] Warning: Expected min height of view: (<NSButton: 0x132f6a800>) to be less than or equal to 30 but got a height of 32.000000. This error will be logged once per view in violation.
2022-05-20 17:14:07.629 firefox-bin[51536:15513792] Warning: Expected min height of view: (<NSButton: 0x132f6f800>) to be less than or equal to 30 but got a height of 32.000000. This error will be logged once per view in violation.
2022-05-20 17:14:07.630 firefox-bin[51536:15513792] Warning: Expected min height of view: (<NSPopoverTouchBarItemButton: 0x132f70c00>) to be less than or equal to 30 but got a height of 32.000000. This error will be logged once per view in violation.
2022-05-20 17:14:07.630 firefox-bin[51536:15513792] Warning: Expected min height of view: (<NSPopoverTouchBarItemButton: 0x132f76400>) to be less than or equal to 30 but got a height of 32.000000. This error will be logged once per view in violation.
console.warn: SearchSettings: "get: No settings file exists, new profile?" (new NotFoundError("Could not open the file at /var/folders/mv/t0v8l1l96337vx8rdpk6169c0000gp/T/rust_mozprofile47mEp0/search.json.mozlz4", (void 0)))
console.error: BackgroundUpdate: 
  _reasonsToNotScheduleUpdates: Failed to check for Maintenance Service Registry Key: [Exception... "Component returned failure code: 0x80004001 (NS_ERROR_NOT_IMPLEMENTED) [nsIUpdateProcessor.getServiceRegKeyExists]"  nsresult: "0x80004001 (NS_ERROR_NOT_IMPLEMENTED)"  location: "JS frame :: resource://gre/modules/BackgroundUpdate.jsm :: _reasonsToNotScheduleUpdates :: line 241"  data: no]
DevTools listening on ws://localhost:53518/devtools/browser/d987697f-8043-4651-8091-165b80968b33
1653081248804	Marionette	INFO	Listening on port 53574
Read port: 53574
1653081248886	RemoteAgent	WARN	TLS certificate errors will be ignored for this session
1653081263651	Marionette	INFO	Stopped listening on port 53574

###!!! [Parent][PImageBridgeParent] Error: RunMessage(msgname=PImageBridge::Msg_WillClose) Channel closing: too late to send/recv, messages will be lost

1653081288261	geckodriver	INFO	Listening on 127.0.0.1:54002
1653081288268	mozrunner::runner	INFO	Running command: "/Applications/Firefox.app/Contents/MacOS/firefox-bin" "--marionette" "--remote-debugging-port" "54003" "--remote-allow-hosts" "localhost" "-foreground" "-no-remote" "-profile" "/var/folders/mv/t0v8l1l96337vx8rdpk6169c0000gp/T/rust_mozprofile6iuhKo"
1653081288761	Marionette	INFO	Marionette enabled
2022-05-20 17:14:49.526 firefox-bin[51672:15515369] Warning: Expected min height of view: (<NSButton: 0x127a91800>) to be less than or equal to 30 but got a height of 32.000000. This error will be logged once per view in violation.
2022-05-20 17:14:49.526 firefox-bin[51672:15515369] Warning: Expected min height of view: (<NSButton: 0x133de0800>) to be less than or equal to 30 but got a height of 32.000000. This error will be logged once per view in violation.
2022-05-20 17:14:49.527 firefox-bin[51672:15515369] Warning: Expected min height of view: (<NSButton: 0x133ddbc00>) to be less than or equal to 30 but got a height of 32.000000. This error will be logged once per view in violation.
2022-05-20 17:14:49.528 firefox-bin[51672:15515369] Warning: Expected min height of view: (<NSButton: 0x133dde800>) to be less than or equal to 30 but got a height of 32.000000. This error will be logged once per view in violation.
2022-05-20 17:14:49.528 firefox-bin[51672:15515369] Warning: Expected min height of view: (<NSButton: 0x133ddd400>) to be less than or equal to 30 but got a height of 32.000000. This error will be logged once per view in violation.
2022-05-20 17:14:49.529 firefox-bin[51672:15515369] Warning: Expected min height of view: (<NSPopoverTouchBarItemButton: 0x133de2000>) to be less than or equal to 30 but got a height of 32.000000. This error will be logged once per view in violation.
2022-05-20 17:14:49.529 firefox-bin[51672:15515369] Warning: Expected min height of view: (<NSPopoverTouchBarItemButton: 0x133de4000>) to be less than or equal to 30 but got a height of 32.000000. This error will be logged once per view in violation.
console.warn: SearchSettings: "get: No settings file exists, new profile?" (new NotFoundError("Could not open the file at /var/folders/mv/t0v8l1l96337vx8rdpk6169c0000gp/T/rust_mozprofile6iuhKo/search.json.mozlz4", (void 0)))
console.error: BackgroundUpdate: 
  _reasonsToNotScheduleUpdates: Failed to check for Maintenance Service Registry Key: [Exception... "Component returned failure code: 0x80004001 (NS_ERROR_NOT_IMPLEMENTED) [nsIUpdateProcessor.getServiceRegKeyExists]"  nsresult: "0x80004001 (NS_ERROR_NOT_IMPLEMENTED)"  location: "JS frame :: resource://gre/modules/BackgroundUpdate.jsm :: _reasonsToNotScheduleUpdates :: line 241"  data: no]
DevTools listening on ws://localhost:54003/devtools/browser/8594fd82-eb54-4205-ae2d-7aba3c5d7412
1653081290607	Marionette	INFO	Listening on port 54039
Read port: 54039
1653081290722	RemoteAgent	WARN	TLS certificate errors will be ignored for this session
1653081296564	Marionette	INFO	Stopped listening on port 54039

###!!! [Parent][PImageBridgeParent] Error: RunMessage(msgname=PImageBridge::Msg_WillClose) Channel closing: too late to send/recv, messages will be lost

1653081886645	geckodriver	INFO	Listening on 127.0.0.1:60231
1653081887159	mozrunner::runner	INFO	Running command: "/Applications/Firefox.app/Contents/MacOS/firefox-bin" "--marionette" "--remote-debugging-port" "60232" "--remote-allow-hosts" "localhost" "-foreground" "-no-remote" "-profile" "/var/folders/mv/t0v8l1l96337vx8rdpk6169c0000gp/T/rust_mozprofileQN981R"
1653081887639	Marionette	INFO	Marionette enabled
2022-05-20 17:24:48.498 firefox-bin[53324:15529854] Warning: Expected min height of view: (<NSButton: 0x126f22800>) to be less than or equal to 30 but got a height of 32.000000. This error will be logged once per view in violation.
2022-05-20 17:24:48.499 firefox-bin[53324:15529854] Warning: Expected min height of view: (<NSButton: 0x134055400>) to be less than or equal to 30 but got a height of 32.000000. This error will be logged once per view in violation.
2022-05-20 17:24:48.499 firefox-bin[53324:15529854] Warning: Expected min height of view: (<NSButton: 0x13430ac00>) to be less than or equal to 30 but got a height of 32.000000. This error will be logged once per view in violation.
2022-05-20 17:24:48.500 firefox-bin[53324:15529854] Warning: Expected min height of view: (<NSButton: 0x134304c00>) to be less than or equal to 30 but got a height of 32.000000. This error will be logged once per view in violation.
2022-05-20 17:24:48.500 firefox-bin[53324:15529854] Warning: Expected min height of view: (<NSButton: 0x13430a800>) to be less than or equal to 30 but got a height of 32.000000. This error will be logged once per view in violation.
2022-05-20 17:24:48.501 firefox-bin[53324:15529854] Warning: Expected min height of view: (<NSPopoverTouchBarItemButton: 0x134304000>) to be less than or equal to 30 but got a height of 32.000000. This error will be logged once per view in violation.
2022-05-20 17:24:48.502 firefox-bin[53324:15529854] Warning: Expected min height of view: (<NSPopoverTouchBarItemButton: 0x13430cc00>) to be less than or equal to 30 but got a height of 32.000000. This error will be logged once per view in violation.
console.warn: SearchSettings: "get: No settings file exists, new profile?" (new NotFoundError("Could not open the file at /var/folders/mv/t0v8l1l96337vx8rdpk6169c0000gp/T/rust_mozprofileQN981R/search.json.mozlz4", (void 0)))
console.error: BackgroundUpdate: 
  _reasonsToNotScheduleUpdates: Failed to check for Maintenance Service Registry Key: [Exception... "Component returned failure code: 0x80004001 (NS_ERROR_NOT_IMPLEMENTED) [nsIUpdateProcessor.getServiceRegKeyExists]"  nsresult: "0x80004001 (NS_ERROR_NOT_IMPLEMENTED)"  location: "JS frame :: resource://gre/modules/BackgroundUpdate.jsm :: _reasonsToNotScheduleUpdates :: line 241"  data: no]
DevTools listening on ws://localhost:60232/devtools/browser/9a16f8f4-70d9-4701-b412-8586c22e2702
1653081889621	Marionette	INFO	Listening on port 60277
Read port: 60277
1653081889721	RemoteAgent	WARN	TLS certificate errors will be ignored for this session
1653081895666	Marionette	INFO	Stopped listening on port 60277
